0 info it worked if it ends with ok
1 verbose cli [ '/Users/ross/.nvm/v0.10.32/bin/node',
1 verbose cli   '/Users/ross/.nvm/v0.10.32/bin/npm',
1 verbose cli   'install',
1 verbose cli   'ngReact',
1 verbose cli   '--save-dev' ]
2 info using npm@1.4.28
3 info using node@v0.10.32
4 warn package.json Wired-Angular@0.0.1 No repository field.
5 warn package.json Wired-Angular@0.0.1 No README data
6 warn package.json karma-chrome-launcher@0.1.5 No README data
7 verbose readDependencies using package.json deps
8 verbose cache add [ 'ngReact', null ]
9 verbose cache add name=undefined spec="ngReact" args=["ngReact",null]
10 verbose parsed url { protocol: null,
10 verbose parsed url   slashes: null,
10 verbose parsed url   auth: null,
10 verbose parsed url   host: null,
10 verbose parsed url   port: null,
10 verbose parsed url   hostname: null,
10 verbose parsed url   hash: null,
10 verbose parsed url   search: null,
10 verbose parsed url   query: null,
10 verbose parsed url   pathname: 'ngReact',
10 verbose parsed url   path: 'ngReact',
10 verbose parsed url   href: 'ngReact' }
11 silly lockFile 8b3fd62f-ngReact ngReact
12 verbose lock ngReact /Users/ross/.npm/8b3fd62f-ngReact.lock
13 silly lockFile 8b3fd62f-ngReact ngReact
14 silly lockFile 8b3fd62f-ngReact ngReact
15 verbose addNamed [ 'ngReact', '' ]
16 verbose addNamed [ null, '*' ]
17 silly lockFile 4290ff07-ngReact ngReact@
18 verbose lock ngReact@ /Users/ross/.npm/4290ff07-ngReact.lock
19 silly addNameRange { name: 'ngReact', range: '*', hasData: false }
20 verbose request where is /ngReact
21 verbose request registry https://registry.npmjs.org/
22 verbose request id d722faa34e3e2358
23 verbose url raw /ngReact
24 verbose url resolving [ 'https://registry.npmjs.org/', './ngReact' ]
25 verbose url resolved https://registry.npmjs.org/ngReact
26 verbose request where is https://registry.npmjs.org/ngReact
27 info trying registry request attempt 1 at 14:34:29
28 http GET https://registry.npmjs.org/ngReact
29 http 404 https://registry.npmjs.org/ngReact
30 verbose headers { date: 'Sun, 02 Nov 2014 22:34:19 GMT',
30 verbose headers   server: 'CouchDB/1.5.0 (Erlang OTP/R16B03)',
30 verbose headers   'content-type': 'application/json',
30 verbose headers   'cache-control': 'max-age=0',
30 verbose headers   'content-length': '52',
30 verbose headers   'accept-ranges': 'bytes',
30 verbose headers   via: '1.1 varnish',
30 verbose headers   age: '0',
30 verbose headers   'x-served-by': 'cache-lax1428-LAX',
30 verbose headers   'x-cache': 'MISS',
30 verbose headers   'x-cache-hits': '0',
30 verbose headers   'x-timer': 'S1414967659.187200,VS0,VE180',
30 verbose headers   'keep-alive': 'timeout=10, max=50',
30 verbose headers   connection: 'Keep-Alive' }
31 silly registry.get cb [ 404,
31 silly registry.get   { date: 'Sun, 02 Nov 2014 22:34:19 GMT',
31 silly registry.get     server: 'CouchDB/1.5.0 (Erlang OTP/R16B03)',
31 silly registry.get     'content-type': 'application/json',
31 silly registry.get     'cache-control': 'max-age=0',
31 silly registry.get     'content-length': '52',
31 silly registry.get     'accept-ranges': 'bytes',
31 silly registry.get     via: '1.1 varnish',
31 silly registry.get     age: '0',
31 silly registry.get     'x-served-by': 'cache-lax1428-LAX',
31 silly registry.get     'x-cache': 'MISS',
31 silly registry.get     'x-cache-hits': '0',
31 silly registry.get     'x-timer': 'S1414967659.187200,VS0,VE180',
31 silly registry.get     'keep-alive': 'timeout=10, max=50',
31 silly registry.get     connection: 'Keep-Alive' } ]
32 silly lockFile 4290ff07-ngReact ngReact@
33 silly lockFile 4290ff07-ngReact ngReact@
34 error 404 404 Not Found: ngReact
34 error 404
34 error 404 'ngReact' is not in the npm registry.
34 error 404 You should bug the author to publish it
34 error 404 It was specified as a dependency of 'Wired-Angular'
34 error 404
34 error 404 Note that you can also install from a
34 error 404 tarball, folder, or http url, or git url.
35 error System Darwin 14.0.0
36 error command "/Users/ross/.nvm/v0.10.32/bin/node" "/Users/ross/.nvm/v0.10.32/bin/npm" "install" "ngReact" "--save-dev"
37 error cwd /Users/ross/Developer/workspace/angularWiredApp
38 error node -v v0.10.32
39 error npm -v 1.4.28
40 error code E404
41 verbose exit [ 1, true ]
